{
  "RSpec": {
    "coverage": {
      "/Users/marygloriafernandezfernandez/Personal/pabilos/gloriasnotes/app/controllers/application_controller.rb": [
        1,
        1,
        null
      ],
      "/Users/marygloriafernandezfernandez/Personal/pabilos/gloriasnotes/app/helpers/application_helper.rb": [
        1,
        null,
        null,
        1,
        1,
        1,
        0,
        null,
        1,
        null,
        null,
        null,
        null,
        1,
        1,
        1,
        0,
        0,
        null,
        null,
        null
      ],
      "/Users/marygloriafernandezfernandez/Personal/pabilos/gloriasnotes/app/helpers/topics_helper.rb": [
        1,
        null
      ],
      "/Users/marygloriafernandezfernandez/Personal/pabilos/gloriasnotes/app/controllers/topics_controller.rb": [
        1,
        null,
        1,
        null,
        1,
        1,
        null,
        null,
        1,
        4,
        4,
        2,
        null,
        2,
        null,
        null,
        null,
        1,
        8,
        8,
        null,
        8,
        10,
        null,
        null,
        8,
        null,
        null,
        1,
        2,
        null,
        null,
        1,
        1,
        null,
        null,
        1,
        6,
        6,
        null,
        3,
        null,
        3,
        null,
        null,
        null,
        1,
        2,
        2,
        2,
        null,
        null,
        1,
        1,
        8,
        null,
        1,
        8,
        null,
        null
      ],
      "/Users/marygloriafernandezfernandez/Personal/pabilos/gloriasnotes/app/models/topic.rb": [
        1,
        1,
        null,
        31,
        null,
        1,
        1,
        1,
        null,
        1,
        8,
        null,
        null,
        null
      ]
    },
    "timestamp": 1354638874
  }
}
