{
  "RSpec": {
    "coverage": {
      "/Users/marygloriafernandezfernandez/Personal/pabilos/gloriasnotes/app/controllers/application_controller.rb": [
        1,
        1,
        null
      ],
      "/Users/marygloriafernandezfernandez/Personal/pabilos/gloriasnotes/app/helpers/application_helper.rb": [
        1,
        null,
        null,
        1,
        1,
        1,
        0,
        null,
        1,
        null,
        null,
        null,
        null,
        1,
        0,
        0,
        0,
        0,
        null,
        null,
        null
      ],
      "/Users/marygloriafernandezfernandez/Personal/pabilos/gloriasnotes/app/helpers/topics_helper.rb": [
        1,
        null
      ],
      "/Users/marygloriafernandezfernandez/Personal/pabilos/gloriasnotes/app/controllers/notes_controller.rb": [
        1,
        1,
        1,
        null,
        1,
        16,
        null,
        1,
        9,
        null,
        null,
        1,
        2,
        2,
        2,
        2,
        2,
        null,
        null,
        null,
        1,
        5,
        5,
        3,
        3,
        null,
        2,
        null,
        null,
        null,
        1,
        null,
        null,
        1,
        null,
        null,
        1,
        5,
        3,
        3,
        null,
        2,
        null,
        null,
        null,
        1,
        2,
        2,
        2,
        null,
        null,
        null
      ],
      "/Users/marygloriafernandezfernandez/Personal/pabilos/gloriasnotes/app/models/note.rb": [
        1,
        1,
        1,
        null,
        1,
        null,
        1,
        1,
        1,
        null,
        null
      ],
      "/Users/marygloriafernandezfernandez/Personal/pabilos/gloriasnotes/app/controllers/static_pages_controller.rb": [
        1,
        null,
        1,
        null,
        null,
        1,
        null,
        null,
        1,
        null,
        null,
        1,
        null,
        null,
        null
      ],
      "/Users/marygloriafernandezfernandez/Personal/pabilos/gloriasnotes/app/controllers/topics_controller.rb": [
        1,
        1,
        1,
        null,
        1,
        12,
        null,
        null,
        1,
        1,
        null,
        null,
        1,
        4,
        4,
        2,
        null,
        2,
        null,
        null,
        null,
        1,
        8,
        8,
        null,
        8,
        10,
        null,
        8,
        null,
        null,
        1,
        3,
        null,
        null,
        1,
        null,
        null,
        1,
        6,
        null,
        3,
        null,
        3,
        null,
        null,
        null,
        1,
        2,
        2,
        2,
        null,
        null,
        1,
        1,
        8,
        null,
        1,
        8,
        null,
        null
      ],
      "/Users/marygloriafernandezfernandez/Personal/pabilos/gloriasnotes/app/models/topic.rb": [
        1,
        1,
        1,
        null,
        61,
        null,
        1,
        1,
        1,
        null,
        1,
        8,
        null,
        null,
        null
      ]
    },
    "timestamp": 1355844208
  }
}
